<?xml version="1.0" encoding="UTF-8"?>
<testng-results ignored="0" total="2" passed="1" failed="1" skipped="0">
  <reporter-output>
  </reporter-output>
  <suite started-at="2022-12-25T22:36:10 IST" name="Default suite" finished-at="2022-12-25T22:36:35 IST" duration-ms="25650">
    <groups>
    </groups>
    <test started-at="2022-12-25T22:36:10 IST" name="Default test" finished-at="2022-12-25T22:36:35 IST" duration-ms="25650">
      <class name="AmazonLogin_Page.loginPage">
        <test-method is-config="true" signature="setUp()[pri:0, instance:AmazonLogin_Page.loginPage@49dc7102]" started-at="2022-12-25T22:36:10 IST" name="setUp" finished-at="2022-12-25T22:36:17 IST" duration-ms="7172" status="PASS">
          <reporter-output>
          </reporter-output>
        </test-method> <!-- setUp -->
        <test-method signature="checkHello()[pri:0, instance:AmazonLogin_Page.loginPage@49dc7102]" started-at="2022-12-25T22:36:17 IST" name="checkHello" finished-at="2022-12-25T22:36:19 IST" duration-ms="1510" status="FAIL">
          <exception class="java.io.FileNotFoundException">
            <message>
              <![CDATA[C:\Users\LENOVO\git\AmazonTest\Amazon TestNg\AmazonScreenshot (Access is denied)]]>
            </message>
            <full-stacktrace>
              <![CDATA[java.io.FileNotFoundException: C:\Users\LENOVO\git\AmazonTest\Amazon TestNg\AmazonScreenshot (Access is denied)
at java.base/java.io.FileOutputStream.open0(Native Method)
at java.base/java.io.FileOutputStream.open(FileOutputStream.java:295)
at java.base/java.io.FileOutputStream.<init>(FileOutputStream.java:236)
at java.base/java.io.FileOutputStream.<init>(FileOutputStream.java:185)
at org.openqa.selenium.io.FileHandler.copyFile(FileHandler.java:136)
at org.openqa.selenium.io.FileHandler.copy(FileHandler.java:115)
at AmazonLogin_Page.loginPage.checkHello(loginPage.java:61)
at java.base/jdk.internal.reflect.DirectMethodHandleAccessor.invoke(DirectMethodHandleAccessor.java:104)
at java.base/java.lang.reflect.Method.invoke(Method.java:578)
at org.testng.internal.MethodInvocationHelper.invokeMethod(MethodInvocationHelper.java:133)
at org.testng.internal.TestInvoker.invokeMethod(TestInvoker.java:598)
at org.testng.internal.TestInvoker.invokeTestMethod(TestInvoker.java:173)
at org.testng.internal.MethodRunner.runInSequence(MethodRunner.java:46)
at org.testng.internal.TestInvoker$MethodInvocationAgent.invoke(TestInvoker.java:824)
at org.testng.internal.TestInvoker.invokeTestMethods(TestInvoker.java:146)
at org.testng.internal.TestMethodWorker.invokeTestMethods(TestMethodWorker.java:146)
at org.testng.internal.TestMethodWorker.run(TestMethodWorker.java:128)
at java.base/java.util.ArrayList.forEach(ArrayList.java:1511)
at org.testng.TestRunner.privateRun(TestRunner.java:794)
at org.testng.TestRunner.run(TestRunner.java:596)
at org.testng.SuiteRunner.runTest(SuiteRunner.java:377)
at org.testng.SuiteRunner.runSequentially(SuiteRunner.java:371)
at org.testng.SuiteRunner.privateRun(SuiteRunner.java:332)
at org.testng.SuiteRunner.run(SuiteRunner.java:276)
at org.testng.SuiteRunnerWorker.runSuite(SuiteRunnerWorker.java:53)
at org.testng.SuiteRunnerWorker.run(SuiteRunnerWorker.java:96)
at org.testng.TestNG.runSuitesSequentially(TestNG.java:1212)
at org.testng.TestNG.runSuitesLocally(TestNG.java:1134)
at org.testng.TestNG.runSuites(TestNG.java:1063)
at org.testng.TestNG.run(TestNG.java:1031)
at org.testng.remote.AbstractRemoteTestNG.run(AbstractRemoteTestNG.java:115)
at org.testng.remote.RemoteTestNG.initAndRun(RemoteTestNG.java:251)
at org.testng.remote.RemoteTestNG.main(RemoteTestNG.java:77)
]]>
            </full-stacktrace>
          </exception> <!-- java.io.FileNotFoundException -->
          <reporter-output>
          </reporter-output>
        </test-method> <!-- checkHello -->
        <test-method is-config="true" signature="closeBrowser()[pri:0, instance:AmazonLogin_Page.loginPage@49dc7102]" started-at="2022-12-25T22:36:19 IST" name="closeBrowser" finished-at="2022-12-25T22:36:21 IST" duration-ms="2428" status="PASS">
          <reporter-output>
          </reporter-output>
        </test-method> <!-- closeBrowser -->
        <test-method is-config="true" signature="setUp()[pri:0, instance:AmazonLogin_Page.loginPage@49dc7102]" started-at="2022-12-25T22:36:21 IST" name="setUp" finished-at="2022-12-25T22:36:30 IST" duration-ms="9389" status="PASS">
          <reporter-output>
          </reporter-output>
        </test-method> <!-- setUp -->
        <test-method signature="loginWithRightCredentials()[pri:0, instance:AmazonLogin_Page.loginPage@49dc7102]" started-at="2022-12-25T22:36:30 IST" name="loginWithRightCredentials" finished-at="2022-12-25T22:36:33 IST" duration-ms="2544" status="PASS">
          <reporter-output>
          </reporter-output>
        </test-method> <!-- loginWithRightCredentials -->
        <test-method is-config="true" signature="closeBrowser()[pri:0, instance:AmazonLogin_Page.loginPage@49dc7102]" started-at="2022-12-25T22:36:33 IST" name="closeBrowser" finished-at="2022-12-25T22:36:35 IST" duration-ms="2519" status="PASS">
          <reporter-output>
          </reporter-output>
        </test-method> <!-- closeBrowser -->
      </class> <!-- AmazonLogin_Page.loginPage -->
    </test> <!-- Default test -->
  </suite> <!-- Default suite -->
</testng-results>
